<?xml version="1.0" encoding="UTF-8"?>
<!-- Generated by org.testng.reporters.JUnitReportReporter -->
<testsuite hostname="LAPTOP-UILFKUPE" failures="0" tests="2" name="Hexaware.tests.UserOpenAccountProcess" time="10.343" errors="0" timestamp="2023-02-06T14:19:10 GMT-06:00" skipped="0">
  <testcase classname="Hexaware.tests.UserOpenAccountProcess" name="loginParaBank" time="4.124"/>
  <system-out/>
  <testcase classname="Hexaware.tests.UserOpenAccountProcess" name="loginParaBank" time="6.219"/>
  <system-out/>
</testsuite> <!-- Hexaware.tests.UserOpenAccountProcess -->
