<?xml version="1.0" encoding="UTF-8"?>
<!-- Generated by org.testng.reporters.JUnitReportReporter -->
<testsuite hostname="LAPTOP-UILFKUPE" failures="0" tests="2" name="Hexaware.tests.UserRegistration" time="11.457" errors="0" timestamp="2023-02-02T17:13:11 GMT-06:00" skipped="0">
  <testcase classname="Hexaware.tests.UserRegistration" name="userCreateOpenAccount" time="4.891"/>
  <system-out/>
  <testcase classname="Hexaware.tests.UserRegistration" name="userCreateOpenAccount" time="6.566"/>
  <system-out/>
</testsuite> <!-- Hexaware.tests.UserRegistration -->
