<?xml version="1.0" encoding="UTF-8"?>
<!-- Generated by org.testng.reporters.JUnitReportReporter -->
<testsuite hostname="LAPTOP-UILFKUPE" failures="0" tests="1" name="Hexaware.tests.UserLogin" time="4.616" errors="0" timestamp="2023-01-31T16:59:51 GMT-06:00" skipped="0">
  <testcase classname="Hexaware.tests.UserLogin" name="StandAloneUserLogin" time="4.616"/>
  <system-out/>
</testsuite> <!-- Hexaware.tests.UserLogin -->
