<?xml version="1.0" encoding="UTF-8"?>
<!-- Generated by org.testng.reporters.JUnitReportReporter -->
<testsuite hostname="LAPTOP-UILFKUPE" failures="0" tests="2" name="Hexaware.tests.UserLogin" time="9.258" errors="0" timestamp="2023-02-03T14:56:09 GMT-06:00" skipped="0">
  <testcase classname="Hexaware.tests.UserLogin" name="loginParaBank" time="3.318"/>
  <system-out/>
  <testcase classname="Hexaware.tests.UserLogin" name="loginParaBank" time="5.940"/>
  <system-out/>
</testsuite> <!-- Hexaware.tests.UserLogin -->
